SF:lib/domain/entities/event.dart
DA:15,1
DA:27,2
DA:28,1
DA:29,1
DA:30,1
DA:31,1
DA:32,1
DA:33,1
DA:34,1
DA:35,1
DA:36,1
DA:39,0
DA:50,0
DA:51,0
DA:52,0
DA:53,0
DA:54,0
DA:55,0
DA:56,0
DA:57,0
DA:58,0
DA:59,0
LF:22
LH:11
end_of_record
SF:lib/presentation/bloc/event_bloc/event_bloc.dart
DA:9,3
DA:10,2
DA:11,2
DA:12,2
DA:13,2
DA:16,1
DA:17,2
DA:19,3
DA:20,2
DA:22,3
DA:26,1
DA:28,3
DA:29,2
DA:31,4
DA:32,2
DA:35,0
DA:39,0
DA:44,0
DA:45,0
DA:47,0
DA:51,0
DA:56,0
DA:57,0
DA:59,0
LF:24
LH:15
end_of_record
SF:lib/presentation/bloc/event_bloc/event_event.dart
DA:6,1
DA:8,0
DA:9,0
DA:14,1
DA:15,0
DA:16,0
DA:21,1
DA:23,0
DA:24,0
DA:29,0
DA:31,0
DA:32,0
DA:37,0
DA:39,0
DA:40,0
LF:15
LH:3
end_of_record
SF:lib/presentation/bloc/event_bloc/event_state.dart
DA:5,2
DA:7,0
DA:8,0
DA:12,1
DA:16,1
DA:22,1
DA:24,1
DA:25,2
DA:31,2
DA:33,1
DA:34,2
LF:11
LH:9
end_of_record
